[0m2021.02.24 00:23:41 INFO  Started: Metals version 0.9.10 in workspace 'D:\4th year\Goldman_Frontend' for client vscode 1.53.2.[0m
[0m2021.02.24 00:23:45 INFO  time: initialize in 4.44s[0m
[0m2021.02.24 00:23:47 WARN  Build server is not auto-connectable.[0m
[0m2021.02.24 00:23:47 WARN  no build tool detected in workspace 'D:\4th year\Goldman_Frontend'. The most common cause for this problem is that the editor was opened in the wrong working directory, for example if you use sbt then the workspace directory should contain build.sbt. [0m
Feb 24, 2021 12:33:57 AM org.eclipse.lsp4j.jsonrpc.services.GenericEndpoint notify
INFO: Unsupported notification method: $/setTraceNotification
[0m2021.02.24 04:30:05 INFO [0m2021.02.27 16:44:00 INFO  Started: Metals version 0.10.0 in workspace 'D:\4th year\Goldman_Frontend' for client vscode 1.53.2.[0m
[0m2021.02.27 16:44:03 INFO  time: initialize in 3.04s[0m
[0m2021.02.27 16:44:09 WARN  Build server is not auto-connectable.[0m
[0m2021.02.27 16:44:09 WARN  no build tool detected in workspace 'D:\4th year\Goldman_Frontend'. The most common cause for this problem is that the editor was opened in the wrong working directory, for example if you use sbt then the workspace directory should contain build.sbt. [0m
Feb 27, 2021 5:12:20 PM org.eclipse.lsp4j.jsonrpc.services.GenericEndpoint notify
INFO: Unsupported notification method: $/setTraceNotification
[0m2021.02.28 16:15:15 INFO  Started: Metals version 0.10.0 in workspace 'D:\4th year\Goldman_Frontend' for client vscode 1.53.2.[0m
[0m2021.02.28 16:15:18 INFO  time: initialize in 2.69s[0m
[0m2021.02.28 16:15:25 WARN  Build server is not auto-connectable.[0m
[0m2021.02.28 16:15:25 WARN  no build tool detected in workspace 'D:\4th year\Goldman_Frontend'. The most common cause for this problem is that the editor was opened in the wrong working directory, for example if you use sbt then the workspace directory should contain build.sbt. [0m
Feb 28, 2021 6:28:53 PM org.eclipse.lsp4j.jsonrpc.services.GenericEndpoint notify
INFO: Unsupported notification method: $/setTraceNotification
[0m2021.02.28 22:45:01 INFO  shutting down Metals[0m
[0m2021.03.01 14:59:51 INFO  Started: Metals version 0.10.0 in workspace 'D:\4th year\Goldman_Frontend' for client vscode 1.53.2.[0m
[0m2021.03.01 14:59:53 INFO  time: initialize in 2.39s[0m
[0m2021.03.01 14:59:56 WARN  Build server is not auto-connectable.[0m
[0m2021.03.01 14:59:56 WARN  no build tool detected in workspace 'D:\4th year\Goldman_Frontend'. The most common cause for this problem is that the editor was opened in the wrong working directory, for example if you use sbt then the workspace directory should contain build.sbt. [0m
Mar 01, 2021 5:19:57 PM org.eclipse.lsp4j.jsonrpc.services.GenericEndpoint notify
INFO: Unsupported notification method: $/setTraceNotification
Mar 01, 2021 5:20:50 PM org.eclipse.lsp4j.jsonrpc.services.GenericEndpoint notify
INFO: Unsupported notification method: $/setTraceNotification
[0m2021.03.01 17:22:29 INFO  shutting down Metals[0m
[0m2021.03.08 16:37:24 INFO  Started: Metals version 0.10.0 in workspace 'D:\4th year\Goldman_Frontend' for client vscode 1.54.1.[0m
[0m2021.03.08 16:37:27 INFO  time: initialize in 3.39s[0m
[0m2021.03.08 16:37:32 WARN  Build server is not auto-connectable.[0m
[0m2021.03.08 16:37:32 WARN  no build tool detected in workspace 'D:\4th year\Goldman_Frontend'. The most common cause for this problem is that the editor was opened in the wrong working directory, for example if you use sbt then the workspace directory should contain build.sbt. [0m
[0m2021.03.08 16:45:33 INFO  shutting down Metals[0m
[0m2021.03.11 20:08:50 INFO  Started: Metals version 0.10.0 in workspace 'D:\4th year\Goldman_Frontend' for client vscode 1.54.1.[0m
[0m2021.03.11 20:08:53 INFO  time: initialize in 2.95s[0m
[0m2021.03.11 20:08:55 WARN  Build server is not auto-connectable.[0m
[0m2021.03.11 20:08:55 WARN  no build tool detected in workspace 'D:\4th year\Goldman_Frontend'. The most common cause for this problem is that the editor was opened in the wrong working directory, for example if you use sbt then the workspace directory should contain build.sbt. [0m
Mar 12, 2021 1:06:00 AM org.eclipse.lsp4j.jsonrpc.services.GenericEndpoint notify
INFO: Unsupported notification method: $/setTraceNotification
Mar 12, 2021 1:08:20 AM org.eclipse.lsp4j.jsonrpc.services.GenericEndpoint notify
INFO: Unsupported notification method: $/setTraceNotification
[0m2021.03.12 01:59:18 INFO  shutting down Metals[0m
[0m2021.03.12 18:32:29 INFO  Started: Metals version 0.10.0 in workspace 'D:\4th year\Goldman_Frontend' for client vscode 1.54.1.[0m
[0m2021.03.12 18:32:31 INFO  time: initialize in 1.72s[0m
[0m2021.03.12 18:32:37 WARN  Build server is not auto-connectable.[0m
[0m2021.03.12 18:32:37 WARN  no build tool detected in workspace 'D:\4th year\Goldman_Frontend'. The most common cause for this problem is that the editor was opened in the wrong working directory, for example if you use sbt then the workspace directory should contain build.sbt. [0m
[0m2021.03.13 22:11:52 INFO  Started: Metals version 0.10.0 in workspace 'D:\4th year\Goldman_Frontend' for client vscode 1.54.1.[0m
[0m2021.03.13 22:11:57 INFO  time: initialize in 4.52s[0m
[0m2021.03.13 22:12:04 WARN  Build server is not auto-connectable.[0m
[0m2021.03.13 22:12:04 WARN  no build tool detected in workspace 'D:\4th year\Goldman_Frontend'. The most common cause for this problem is that the editor was opened in the wrong working directory, for example if you use sbt then the workspace directory should contain build.sbt. [0m
[0m2021.03.14 01:36:55 INFO  shutting down Metals[0m
[0m2021.03.14 18:17:32 INFO  Started: Metals version 0.10.0 in workspace 'D:\4th year\Goldman_Frontend' for client vscode 1.54.1.[0m
[0m2021.03.14 18:17:34 INFO  time: initialize in 1.78s[0m
[0m2021.03.14 18:17:36 WARN  Build server is not auto-connectable.[0m
[0m2021.03.14 18:17:36 WARN  no build tool detected in workspace 'D:\4th year\Goldman_Frontend'. The most common cause for this problem is that the editor was opened in the wrong working directory, for example if you use sbt then the workspace directory should contain build.sbt. [0m
[0m2021.03.14 21:19:10 INFO  shutting down Metals[0m
[0m2021.03.14 21:21:27 INFO  Started: Metals version 0.10.0 in workspace 'D:\4th year\Goldman_Frontend' for client vscode 1.54.2.[0m
[0m2021.03.14 21:21:30 INFO  time: initialize in 2.99s[0m
[0m2021.03.14 21:21:35 WARN  Build server is not auto-connectable.[0m
[0m2021.03.14 21:21:35 WARN  no build tool detected in workspace 'D:\4th year\Goldman_Frontend'. The most common cause for this problem is that the editor was opened in the wrong working directory, for example if you use sbt then the workspace directory should contain build.sbt. [0m
Mar 15, 2021 2:21:35 AM org.eclipse.lsp4j.jsonrpc.services.GenericEndpoint notify
INFO: Unsupported notification method: $/setTraceNotification
[0m2021.03.15 02:22:29 INFO  shutting down Metals[0m
[0m2021.03.15 16:07:55 INFO  Started: Metals version 0.10.0 in workspace 'D:\4th year\Goldman_Frontend' for client vscode 1.54.2.[0m
[0m2021.03.15 16:07:57 INFO  time: initialize in 2.2s[0m
[0m2021.03.15 16:07:59 WARN  Build server is not auto-connectable.[0m
[0m2021.03.15 16:07:59 WARN  no build tool detected in workspace 'D:\4th year\Goldman_Frontend'. The most common cause for this problem is that the editor was opened in the wrong working directory, for example if you use sbt then the workspace directory should contain build.sbt. [0m
Mar 15, 2021 4:40:03 PM org.eclipse.lsp4j.jsonrpc.services.GenericEndpoint notify
INFO: Unsupported notification method: $/setTraceNotification
[0m2021.03.15 16:50:58 INFO  shutting down Metals[0m
[0m2021.03.15 16:52:10 INFO  Started: Metals version 0.10.0 in workspace 'D:\4th year\Goldman_Frontend' for client vscode 1.54.2.[0m
[0m2021.03.15 16:52:11 INFO  time: initialize in 1.83s[0m
[0m2021.03.15 16:52:13 WARN  Build server is not auto-connectable.[0m
[0m2021.03.15 16:52:13 WARN  no build tool detected in workspace 'D:\4th year\Goldman_Frontend'. The most common cause for this problem is that the editor was opened in the wrong working directory, for example if you use sbt then the workspace directory should contain build.sbt. [0m
[0m2021.03.16 16:45:25 INFO  Started: Metals version 0.10.0 in workspace 'D:\4th year\Goldman_Frontend' for client vscode 1.54.2.[0m
[0m2021.03.16 16:45:27 INFO  time: initialize in 2.38s[0m
[0m2021.03.16 16:45:33 WARN  Build server is not auto-connectable.[0m
[0m2021.03.16 16:45:33 WARN  no build tool detected in workspace 'D:\4th year\Goldman_Frontend'. The most common cause for this problem is that the editor was opened in the wrong working directory, for example if you use sbt then the workspace directory should contain build.sbt. [0m
Mar 16, 2021 4:51:09 PM org.eclipse.lsp4j.jsonrpc.services.GenericEndpoint notify
INFO: Unsupported notification method: $/setTraceNotification
[0m2021.03.17 19:58:42 INFO  Started: Metals version 0.10.0 in workspace 'D:\4th year\Goldman_Frontend' for client vscode 1.54.3.[0m
[0m2021.03.17 19:58:44 INFO  time: initialize in 1.94s[0m
[0m2021.03.17 19:58:50 WARN  Build server is not auto-connectable.[0m
[0m2021.03.17 19:58:50 WARN  no build tool detected in workspace 'D:\4th year\Goldman_Frontend'. The most common cause for this problem is that the editor was opened in the wrong working directory, for example if you use sbt then the workspace directory should contain build.sbt. [0m
Mar 17, 2021 8:03:19 PM org.eclipse.lsp4j.jsonrpc.services.GenericEndpoint notify
INFO: Unsupported notification method: $/setTraceNotification
[0m2021.03.18 14:59:03 INFO  Started: Metals version 0.10.0 in workspace 'D:\4th year\Goldman_Frontend' for client vscode 1.54.3.[0m
[0m2021.03.18 14:59:09 INFO  time: initialize in 7.16s[0m
[0m2021.03.18 14:59:15 WARN  Build server is not auto-connectable.[0m
[0m2021.03.18 14:59:15 WARN  no build tool detected in workspace 'D:\4th year\Goldman_Frontend'. The most common cause for this problem is that the editor was opened in the wrong working directory, for example if you use sbt then the workspace directory should contain build.sbt. [0m
[0m2021.03.19 02:48:11 INFO  Started: Metals version 0.10.0 in workspace 'D:\4th year\Goldman_Frontend' for client vscode 1.54.3.[0m
[0m2021.03.19 02:48:25 INFO  time: initialize in 16s[0m
[0m2021.03.19 02:48:58 WARN  Build server is not auto-connectable.[0m
[0m2021.03.19 02:48:58 WARN  no build tool detected in workspace 'D:\4th year\Goldman_Frontend'. The most common cause for this problem is that the editor was opened in the wrong working directory, for example if you use sbt then the workspace directory should contain build.sbt. [0m
Mar 19, 2021 3:06:26 AM org.eclipse.lsp4j.jsonrpc.services.GenericEndpoint notify
INFO: Unsupported notification method: $/setTraceNotification
[0m2021.03.19 05:26:03 INFO  shutting down Metals[0m
[0m2021.03.19 10:02:47 INFO  Started: Metals version 0.10.0 in workspace 'D:\4th year\Goldman_Frontend' for client vscode 1.54.3.[0m
[0m2021.03.19 10:02:56 INFO  time: initialize in 9.1s[0m
[0m2021.03.19 10:03:03 WARN  Build server is not auto-connectable.[0m
[0m2021.03.19 10:03:03 WARN  no build tool detected in workspace 'D:\4th year\Goldman_Frontend'. The most common cause for this problem is that the editor was opened in the wrong working directory, for example if you use sbt then the workspace directory should contain build.sbt. [0m
Mar 19, 2021 4:27:43 PM org.eclipse.lsp4j.jsonrpc.services.GenericEndpoint notify
INFO: Unsupported notification method: $/setTraceNotification
Mar 19, 2021 7:06:47 PM org.eclipse.lsp4j.jsonrpc.services.GenericEndpoint notify
INFO: Unsupported notification method: $/setTraceNotification
[0m2021.03.19 20:58:51 INFO  shutting down Metals[0m
